Using pre-set license
Built from '2020.3/staging' branch; Version is '2020.3.42f1 (7ade1201f527) revision 8052242'; Using compiler version '192528614'; Build Type 'Release'
OS: 'Windows 10  (10.0.19045) 64bit Core' Language: 'zh' Physical Memory: 32509 MB
BatchMode: 1, IsHumanControllingUs: 0, StartBugReporterOnCrash: 0, Is64bit: 1, IsPro: 0

COMMAND LINE ARGUMENTS:
C:\Program Files\Unity\Hub\Editor\2020.3.42f1\Editor\Unity.exe
-adb2
-batchMode
-noUpm
-name
AssetImportWorker0
-projectPath
D:/hellslime
-logFile
Logs/AssetImportWorker0.log
-srvPort
52191
Successfully changed project path to: D:/hellslime
D:/hellslime
Using Asset Import Pipeline V2.
Refreshing native plugins compatible for Editor in 52.04 ms, found 3 plugins.
Preloading 0 native plugins for Editor in 0.00 ms.
Initialize engine version: 2020.3.42f1 (7ade1201f527)
[Subsystems] Discovering subsystems at path C:/Program Files/Unity/Hub/Editor/2020.3.42f1/Editor/Data/Resources/UnitySubsystems
[Subsystems] Discovering subsystems at path D:/hellslime/Assets
GfxDevice: creating device client; threaded=0
Direct3D:
    Version:  Direct3D 11.0 [level 11.1]
    Renderer: NVIDIA GeForce RTX 3060 (ID=0x2504)
    Vendor:   
    VRAM:     12129 MB
    Driver:   31.0.15.3623
Initialize mono
Mono path[0] = 'C:/Program Files/Unity/Hub/Editor/2020.3.42f1/Editor/Data/Managed'
Mono path[1] = 'C:/Program Files/Unity/Hub/Editor/2020.3.42f1/Editor/Data/MonoBleedingEdge/lib/mono/unityjit'
Mono config path = 'C:/Program Files/Unity/Hub/Editor/2020.3.42f1/Editor/Data/MonoBleedingEdge/etc'
Using monoOptions --debugger-agent=transport=dt_socket,embedding=1,server=y,suspend=n,address=127.0.0.1:56904
Begin MonoManager ReloadAssembly
Registering precompiled unity dll's ...
Register platform support module: C:/Program Files/Unity/Hub/Editor/2020.3.42f1/Editor/Data/PlaybackEngines/WindowsStandaloneSupport/UnityEditor.WindowsStandalone.Extensions.dll
Registered in 0.002257 seconds.
Native extension for WindowsStandalone target not found
Refreshing native plugins compatible for Editor in 50.42 ms, found 3 plugins.
Preloading 0 native plugins for Editor in 0.00 ms.
Mono: successfully reloaded assembly
- Completed reload, in  0.559 seconds
Domain Reload Profiling:
	ReloadAssembly (559ms)
		BeginReloadAssembly (38ms)
			ExecutionOrderSort (0ms)
			DisableScriptedObjects (0ms)
			BackupInstance (0ms)
			ReleaseScriptingObjects (0ms)
			CreateAndSetChildDomain (0ms)
		EndReloadAssembly (449ms)
			LoadAssemblies (37ms)
			RebuildTransferFunctionScriptingTraits (0ms)
			SetupTypeCache (130ms)
			ReleaseScriptCaches (0ms)
			RebuildScriptCaches (36ms)
			SetupLoadedEditorAssemblies (184ms)
				LogAssemblyErrors (0ms)
				InitializePlatformSupportModulesInManaged (5ms)
				SetLoadedEditorAssemblies (0ms)
				RefreshPlugins (50ms)
				BeforeProcessingInitializeOnLoad (16ms)
				ProcessInitializeOnLoadAttributes (84ms)
				ProcessInitializeOnLoadMethodAttributes (28ms)
				AfterProcessingInitializeOnLoad (0ms)
				EditorAssembliesLoaded (0ms)
			ExecutionOrderSort2 (0ms)
			AwakeInstancesAfterBackupRestoration (0ms)
Platform modules already initialized, skipping
Registering precompiled user dll's ...
Registered in 0.001957 seconds.
Begin MonoManager ReloadAssembly
Native extension for WindowsStandalone target not found
Refreshing native plugins compatible for Editor in 51.10 ms, found 3 plugins.
Preloading 0 native plugins for Editor in 0.00 ms.
Mono: successfully reloaded assembly
- Completed reload, in  1.112 seconds
Domain Reload Profiling:
	ReloadAssembly (1113ms)
		BeginReloadAssembly (131ms)
			ExecutionOrderSort (0ms)
			DisableScriptedObjects (5ms)
			BackupInstance (0ms)
			ReleaseScriptingObjects (0ms)
			CreateAndSetChildDomain (15ms)
		EndReloadAssembly (921ms)
			LoadAssemblies (90ms)
			RebuildTransferFunctionScriptingTraits (0ms)
			SetupTypeCache (265ms)
			ReleaseScriptCaches (0ms)
			RebuildScriptCaches (65ms)
			SetupLoadedEditorAssemblies (400ms)
				LogAssemblyErrors (0ms)
				InitializePlatformSupportModulesInManaged (4ms)
				SetLoadedEditorAssemblies (0ms)
				RefreshPlugins (51ms)
				BeforeProcessingInitializeOnLoad (97ms)
				ProcessInitializeOnLoadAttributes (218ms)
				ProcessInitializeOnLoadMethodAttributes (22ms)
				AfterProcessingInitializeOnLoad (7ms)
				EditorAssembliesLoaded (0ms)
			ExecutionOrderSort2 (0ms)
			AwakeInstancesAfterBackupRestoration (2ms)
Platform modules already initialized, skipping
========================================================================
Worker process is ready to serve import requests
Launched and connected shader compiler UnityShaderCompiler.exe after 0.03 seconds
Refreshing native plugins compatible for Editor in 0.32 ms, found 3 plugins.
Preloading 0 native plugins for Editor in 0.00 ms.
Unloading 2341 Unused Serialized files (Serialized files now loaded: 0)
System memory in use before: 104.2 MB.
System memory in use after: 104.3 MB.

Unloading 31 unused Assets to reduce memory usage. Loaded Objects now: 2776.
Total: 1.891200 ms (FindLiveObjects: 0.098200 ms CreateObjectMapping: 0.039800 ms MarkObjects: 1.671900 ms  DeleteObjects: 0.080700 ms)

AssetImportParameters requested are different than current active one (requested -> active):
  custom:framework-win-MediaFoundation: 216162199b28c13a410421893ffa2e32 -> 
  custom:video-decoder-ogg-theora: a1e56fd34408186e4bbccfd4996cb3dc -> 
  custom:container-muxer-webm: aa71ff27fc2769a1b78a27578f13a17b -> 
  custom:container-demuxer-webm: 4f35f7cbe854078d1ac9338744f61a02 -> 
  custom:container-demuxer-ogg: 62fdf1f143b41e24485cea50d1cbac27 -> 
  custom:video-encoder-webm-vp8: eb34c28f22e8b96e1ab97ce403110664 -> 
  custom:video-decoder-webm-vp8: 9c59270c3fd7afecdb556c50c9e8de78 -> 
  custom:audio-decoder-ogg-vorbis: bf7c407c2cedff20999df2af8eb42d56 -> 
  custom:audio-encoder-webm-vorbis: bf7c407c2cedff20999df2af8eb42d56 -> 
========================================================================
Received Import Request.
  path: Assets/frog.controller
  artifactKey: Guid(a48728e17bda4ec4cbdcf29d297f54e3) Importer(815301076,1909f56bfc062723c751e8b465ee728b)
Start importing Assets/frog.controller using Guid(a48728e17bda4ec4cbdcf29d297f54e3) Importer(815301076,1909f56bfc062723c751e8b465ee728b)  -> (artifact id: '47dcfc20920441ed23471d7be5989408') in 0.029220 seconds 
========================================================================
Received Import Request.
  Time since last request: 102.414357 seconds.
  path: Assets/專案 1/blueboll
  artifactKey: Guid(b511c3bef7fcefe41a50bcc4c5349421) Importer(815301076,1909f56bfc062723c751e8b465ee728b)
Start importing Assets/專案 1/blueboll using Guid(b511c3bef7fcefe41a50bcc4c5349421) Importer(815301076,1909f56bfc062723c751e8b465ee728b)  -> (artifact id: '18cd65dcac77f0b9b6abad50d02d9f98') in 0.007875 seconds 
========================================================================
Received Import Request.
  Time since last request: 0.029809 seconds.
  path: Assets/專案 1/blueboll/bool-007.png
  artifactKey: Guid(eaa7301ecfa4f604fbb96cddcdb2ef16) Importer(815301076,1909f56bfc062723c751e8b465ee728b)
Start importing Assets/專案 1/blueboll/bool-007.png using Guid(eaa7301ecfa4f604fbb96cddcdb2ef16) Importer(815301076,1909f56bfc062723c751e8b465ee728b)  -> (artifact id: '6972648ef18c0288a6eeacfcda457c8a') in 0.094040 seconds 
========================================================================
Received Import Request.
  Time since last request: 0.000150 seconds.
  path: Assets/專案 1/blueboll/bool-107.png
  artifactKey: Guid(7199e44dcb6220a44a2757d6ea661e06) Importer(815301076,1909f56bfc062723c751e8b465ee728b)
Start importing Assets/專案 1/blueboll/bool-107.png using Guid(7199e44dcb6220a44a2757d6ea661e06) Importer(815301076,1909f56bfc062723c751e8b465ee728b)  -> (artifact id: 'cec0153b24810fe82bdce847ffcad5ea') in 0.019061 seconds 
========================================================================
Received Import Request.
  Time since last request: 0.000144 seconds.
  path: Assets/專案 1/blueboll/bool-023.png
  artifactKey: Guid(1a7713d0ce0208241bc19392cf0c82da) Importer(815301076,1909f56bfc062723c751e8b465ee728b)
Start importing Assets/專案 1/blueboll/bool-023.png using Guid(1a7713d0ce0208241bc19392cf0c82da) Importer(815301076,1909f56bfc062723c751e8b465ee728b)  -> (artifact id: '839abacd0d8d30932fb8bf95802eedee') in 0.022174 seconds 
========================================================================
Received Import Request.
  Time since last request: 0.000137 seconds.
  path: Assets/專案 1/blueboll/bool-108.png
  artifactKey: Guid(93f054043d521314abf8d5bffdbbd283) Importer(815301076,1909f56bfc062723c751e8b465ee728b)
Start importing Assets/專案 1/blueboll/bool-108.png using Guid(93f054043d521314abf8d5bffdbbd283) Importer(815301076,1909f56bfc062723c751e8b465ee728b)  -> (artifact id: '4b66668e6230eb935872e442ad4b9f71') in 0.023177 seconds 
========================================================================
Received Import Request.
  Time since last request: 0.000140 seconds.
  path: Assets/專案 1/blueboll/bool-024.png
  artifactKey: Guid(e08a1aecaba530048a960e96df18706a) Importer(815301076,1909f56bfc062723c751e8b465ee728b)
Start importing Assets/專案 1/blueboll/bool-024.png using Guid(e08a1aecaba530048a960e96df18706a) Importer(815301076,1909f56bfc062723c751e8b465ee728b)  -> (artifact id: '0312dbe3c28bb9e5c663e141cb089db0') in 0.016762 seconds 
========================================================================
Received Import Request.
  Time since last request: 0.000124 seconds.
  path: Assets/專案 1/blueboll/bool-013.png
  artifactKey: Guid(3a5ae06db05ade84bbf09274463ad8b3) Importer(815301076,1909f56bfc062723c751e8b465ee728b)
Start importing Assets/專案 1/blueboll/bool-013.png using Guid(3a5ae06db05ade84bbf09274463ad8b3) Importer(815301076,1909f56bfc062723c751e8b465ee728b)  -> (artifact id: 'c11e9579517ec8f516dde053b987b22f') in 0.012121 seconds 
========================================================================
Received Import Request.
  Time since last request: 0.000126 seconds.
  path: Assets/專案 1/blueboll/bool-026.png
  artifactKey: Guid(b99f3ea8b2653cd4987f22dedad6a0be) Importer(815301076,1909f56bfc062723c751e8b465ee728b)
Start importing Assets/專案 1/blueboll/bool-026.png using Guid(b99f3ea8b2653cd4987f22dedad6a0be) Importer(815301076,1909f56bfc062723c751e8b465ee728b)  -> (artifact id: 'bb4df60305358167c6bf76ed86cbca0f') in 0.019685 seconds 
========================================================================
Received Import Request.
  Time since last request: 0.000154 seconds.
  path: Assets/專案 1/blueboll/bool-009.png
  artifactKey: Guid(18402dd80187fc242be0a19d60be502d) Importer(815301076,1909f56bfc062723c751e8b465ee728b)
Start importing Assets/專案 1/blueboll/bool-009.png using Guid(18402dd80187fc242be0a19d60be502d) Importer(815301076,1909f56bfc062723c751e8b465ee728b)  -> (artifact id: 'd4608d5e89642c6a6a9081e8267c6f0a') in 0.013124 seconds 
========================================================================
Received Import Request.
  Time since last request: 0.000119 seconds.
  path: Assets/專案 1/blueboll/bool-104.png
  artifactKey: Guid(1a4a7e02e9c84244fb844bb81553bb2f) Importer(815301076,1909f56bfc062723c751e8b465ee728b)
Start importing Assets/專案 1/blueboll/bool-104.png using Guid(1a4a7e02e9c84244fb844bb81553bb2f) Importer(815301076,1909f56bfc062723c751e8b465ee728b)  -> (artifact id: '8064039a2351b05a98321a335e3c48b3') in 0.020001 seconds 
========================================================================
Received Import Request.
  Time since last request: 0.000125 seconds.
  path: Assets/專案 1/blueboll/bool-106.png
  artifactKey: Guid(ef95962f53437ca4e8b61e21a18e4991) Importer(815301076,1909f56bfc062723c751e8b465ee728b)
Start importing Assets/專案 1/blueboll/bool-106.png using Guid(ef95962f53437ca4e8b61e21a18e4991) Importer(815301076,1909f56bfc062723c751e8b465ee728b)  -> (artifact id: '8f4cd1672a1e5fade8ec2330378b9632') in 0.011788 seconds 
========================================================================
Received Import Request.
  Time since last request: 0.000136 seconds.
  path: Assets/專案 1/blueboll/bool-011.png
  artifactKey: Guid(012f5541be46c3a4685cb7e0673022b1) Importer(815301076,1909f56bfc062723c751e8b465ee728b)
Start importing Assets/專案 1/blueboll/bool-011.png using Guid(012f5541be46c3a4685cb7e0673022b1) Importer(815301076,1909f56bfc062723c751e8b465ee728b)  -> (artifact id: '4c151dcc1ec86aef066f1bcd17f75b0f') in 0.020813 seconds 
========================================================================
Received Import Request.
  Time since last request: 0.000143 seconds.
  path: Assets/專案 1/blueboll/bool-028.png
  artifactKey: Guid(4fabb3343dff6e946b34de35f403fb23) Importer(815301076,1909f56bfc062723c751e8b465ee728b)
Start importing Assets/專案 1/blueboll/bool-028.png using Guid(4fabb3343dff6e946b34de35f403fb23) Importer(815301076,1909f56bfc062723c751e8b465ee728b)  -> (artifact id: 'cbd5fd08fcf7cbfa2b4b489bb636e223') in 0.012298 seconds 
========================================================================
Received Import Request.
  Time since last request: 0.000112 seconds.
  path: Assets/專案 1/blueboll/bool-103.png
  artifactKey: Guid(6347b8b35fee0b049a037c68403ed343) Importer(815301076,1909f56bfc062723c751e8b465ee728b)
Start importing Assets/專案 1/blueboll/bool-103.png using Guid(6347b8b35fee0b049a037c68403ed343) Importer(815301076,1909f56bfc062723c751e8b465ee728b)  -> (artifact id: '9042e10e8d27f86bb163779fc0c17e6a') in 0.013112 seconds 
========================================================================
Received Import Request.
  Time since last request: 0.000130 seconds.
  path: Assets/專案 1/blueboll/bool-029.png
  artifactKey: Guid(b3f07fd1feada9e44a4a489a250aca1a) Importer(815301076,1909f56bfc062723c751e8b465ee728b)
Start importing Assets/專案 1/blueboll/bool-029.png using Guid(b3f07fd1feada9e44a4a489a250aca1a) Importer(815301076,1909f56bfc062723c751e8b465ee728b)  -> (artifact id: 'f007c7c00aaa1066106e934b7ffabaa5') in 0.019275 seconds 
========================================================================
Received Import Request.
  Time since last request: 0.000131 seconds.
  path: Assets/專案 1/blueboll/bool-105.png
  artifactKey: Guid(9efe83c22bc1f5e4fbe16df763f8c439) Importer(815301076,1909f56bfc062723c751e8b465ee728b)
Start importing Assets/專案 1/blueboll/bool-105.png using Guid(9efe83c22bc1f5e4fbe16df763f8c439) Importer(815301076,1909f56bfc062723c751e8b465ee728b)  -> (artifact id: 'ce6c8325f484bd021deac8a7e8460c2b') in 0.013029 seconds 
========================================================================
Received Import Request.
  Time since last request: 0.000121 seconds.
  path: Assets/專案 1/blueboll/bool-008.png
  artifactKey: Guid(26abdec6ce57ec5449d7b05ab1255e34) Importer(815301076,1909f56bfc062723c751e8b465ee728b)
Start importing Assets/專案 1/blueboll/bool-008.png using Guid(26abdec6ce57ec5449d7b05ab1255e34) Importer(815301076,1909f56bfc062723c751e8b465ee728b)  -> (artifact id: '60fd7c69291cf56c65f37b36bcf92286') in 0.019862 seconds 
========================================================================
Received Import Request.
  Time since last request: 0.000111 seconds.
  path: Assets/專案 1/blueboll/bool-010.png
  artifactKey: Guid(6456bec3512b1164f83958cce1543838) Importer(815301076,1909f56bfc062723c751e8b465ee728b)
Start importing Assets/專案 1/blueboll/bool-010.png using Guid(6456bec3512b1164f83958cce1543838) Importer(815301076,1909f56bfc062723c751e8b465ee728b)  -> (artifact id: '87026d14a42ac80a6560843ee3bd8c58') in 0.023536 seconds 
========================================================================
Received Import Request.
  Time since last request: 0.000117 seconds.
  path: Assets/專案 1/blueboll/bool-012.png
  artifactKey: Guid(8a314951f43b5244eb4a4481b64550f8) Importer(815301076,1909f56bfc062723c751e8b465ee728b)
Start importing Assets/專案 1/blueboll/bool-012.png using Guid(8a314951f43b5244eb4a4481b64550f8) Importer(815301076,1909f56bfc062723c751e8b465ee728b)  -> (artifact id: 'da8191f6114cbc633bff51d94336900e') in 0.011949 seconds 
========================================================================
Received Import Request.
  Time since last request: 0.000117 seconds.
  path: Assets/專案 1/blueboll/bool-025.png
  artifactKey: Guid(1fa2d9e76f123ff41b814124e47d8e9a) Importer(815301076,1909f56bfc062723c751e8b465ee728b)
Start importing Assets/專案 1/blueboll/bool-025.png using Guid(1fa2d9e76f123ff41b814124e47d8e9a) Importer(815301076,1909f56bfc062723c751e8b465ee728b)  -> (artifact id: '8ed00625ab55147011ab6352578a4363') in 0.010884 seconds 
========================================================================
Received Import Request.
  Time since last request: 0.000117 seconds.
  path: Assets/專案 1/blueboll/bool-027.png
  artifactKey: Guid(da6997ba52e3be240aef3b5bb91cfe1d) Importer(815301076,1909f56bfc062723c751e8b465ee728b)
Start importing Assets/專案 1/blueboll/bool-027.png using Guid(da6997ba52e3be240aef3b5bb91cfe1d) Importer(815301076,1909f56bfc062723c751e8b465ee728b)  -> (artifact id: 'ad880fc7b5da86e3fd415a5a958733cd') in 0.017876 seconds 
========================================================================
Received Import Request.
  Time since last request: 0.000107 seconds.
  path: Assets/專案 1/blueboll/bool-109.png
  artifactKey: Guid(58f1011c40e9afa48aed3215e52f1e8c) Importer(815301076,1909f56bfc062723c751e8b465ee728b)
Start importing Assets/專案 1/blueboll/bool-109.png using Guid(58f1011c40e9afa48aed3215e52f1e8c) Importer(815301076,1909f56bfc062723c751e8b465ee728b)  -> (artifact id: '7ce96c09f0c431998082dff85a99918f') in 0.013417 seconds 
========================================================================
Received Import Request.
  Time since last request: 3.789360 seconds.
  path: Assets/專案 1/jump
  artifactKey: Guid(9bdd1f124799a7d49b7230ab69f87e53) Importer(815301076,1909f56bfc062723c751e8b465ee728b)
Start importing Assets/專案 1/jump using Guid(9bdd1f124799a7d49b7230ab69f87e53) Importer(815301076,1909f56bfc062723c751e8b465ee728b)  -> (artifact id: '467a30472e4e499d118a579ff148826b') in 0.007949 seconds 
========================================================================
Received Import Request.
  Time since last request: 2.036757 seconds.
  path: Assets/專案 1/still
  artifactKey: Guid(a1efb6d271d6d7c4a9b057baa9d295df) Importer(815301076,1909f56bfc062723c751e8b465ee728b)
Start importing Assets/專案 1/still using Guid(a1efb6d271d6d7c4a9b057baa9d295df) Importer(815301076,1909f56bfc062723c751e8b465ee728b)  -> (artifact id: 'df7c3da20ea5764ee1b725c124262eeb') in 0.011076 seconds 
========================================================================
Received Import Request.
  Time since last request: 0.048866 seconds.
  path: Assets/專案 1/still/IMG_4987-3.png.png
  artifactKey: Guid(5b2c4844496dc3942bb7bd9257855f7b) Importer(815301076,1909f56bfc062723c751e8b465ee728b)
Start importing Assets/專案 1/still/IMG_4987-3.png.png using Guid(5b2c4844496dc3942bb7bd9257855f7b) Importer(815301076,1909f56bfc062723c751e8b465ee728b)  -> (artifact id: '08fb4ca7e6e40a0418064ddedfa276cf') in 0.015632 seconds 
========================================================================
Received Import Request.
  Time since last request: 0.000120 seconds.
  path: Assets/專案 1/still/IMG_4987-4.png.png
  artifactKey: Guid(f5086c400bfd60c4baceb6295603e774) Importer(815301076,1909f56bfc062723c751e8b465ee728b)
Start importing Assets/專案 1/still/IMG_4987-4.png.png using Guid(f5086c400bfd60c4baceb6295603e774) Importer(815301076,1909f56bfc062723c751e8b465ee728b)  -> (artifact id: '58144304e701cf6ce571cc14ccae4702') in 0.029416 seconds 
========================================================================
Received Import Request.
  Time since last request: 0.000139 seconds.
  path: Assets/專案 1/still/IMG_4987-5.png.png
  artifactKey: Guid(a80edbb5964033e408ccf098d8fd0ed7) Importer(815301076,1909f56bfc062723c751e8b465ee728b)
Start importing Assets/專案 1/still/IMG_4987-5.png.png using Guid(a80edbb5964033e408ccf098d8fd0ed7) Importer(815301076,1909f56bfc062723c751e8b465ee728b)  -> (artifact id: 'b398138cd485f131cec8106a61e90294') in 0.024694 seconds 
========================================================================
Received Prepare
Registering precompiled user dll's ...
Registered in 0.002004 seconds.
Begin MonoManager ReloadAssembly
Native extension for WindowsStandalone target not found
Refreshing native plugins compatible for Editor in 0.50 ms, found 3 plugins.
Preloading 0 native plugins for Editor in 0.00 ms.
Mono: successfully reloaded assembly
- Completed reload, in  1.034 seconds
Domain Reload Profiling:
	ReloadAssembly (1035ms)
		BeginReloadAssembly (100ms)
			ExecutionOrderSort (0ms)
			DisableScriptedObjects (7ms)
			BackupInstance (0ms)
			ReleaseScriptingObjects (0ms)
			CreateAndSetChildDomain (30ms)
		EndReloadAssembly (873ms)
			LoadAssemblies (82ms)
			RebuildTransferFunctionScriptingTraits (0ms)
			SetupTypeCache (285ms)
			ReleaseScriptCaches (1ms)
			RebuildScriptCaches (59ms)
			SetupLoadedEditorAssemblies (342ms)
				LogAssemblyErrors (0ms)
				InitializePlatformSupportModulesInManaged (5ms)
				SetLoadedEditorAssemblies (1ms)
				RefreshPlugins (1ms)
				BeforeProcessingInitializeOnLoad (95ms)
				ProcessInitializeOnLoadAttributes (212ms)
				ProcessInitializeOnLoadMethodAttributes (20ms)
				AfterProcessingInitializeOnLoad (8ms)
				EditorAssembliesLoaded (0ms)
			ExecutionOrderSort2 (0ms)
			AwakeInstancesAfterBackupRestoration (5ms)
Platform modules already initialized, skipping
Refreshing native plugins compatible for Editor in 0.45 ms, found 3 plugins.
Preloading 0 native plugins for Editor in 0.00 ms.
Unloading 2334 Unused Serialized files (Serialized files now loaded: 0)
System memory in use before: 107.2 MB.
System memory in use after: 107.2 MB.

Unloading 21 unused Assets to reduce memory usage. Loaded Objects now: 2788.
Total: 2.873900 ms (FindLiveObjects: 0.304500 ms CreateObjectMapping: 0.075800 ms MarkObjects: 2.383400 ms  DeleteObjects: 0.109400 ms)

AssetImportParameters requested are different than current active one (requested -> active):
  custom:framework-win-MediaFoundation: 216162199b28c13a410421893ffa2e32 -> 
  custom:video-decoder-ogg-theora: a1e56fd34408186e4bbccfd4996cb3dc -> 
  custom:container-muxer-webm: aa71ff27fc2769a1b78a27578f13a17b -> 
  custom:container-demuxer-webm: 4f35f7cbe854078d1ac9338744f61a02 -> 
  custom:container-demuxer-ogg: 62fdf1f143b41e24485cea50d1cbac27 -> 
  custom:video-encoder-webm-vp8: eb34c28f22e8b96e1ab97ce403110664 -> 
  custom:video-decoder-webm-vp8: 9c59270c3fd7afecdb556c50c9e8de78 -> 
  custom:audio-decoder-ogg-vorbis: bf7c407c2cedff20999df2af8eb42d56 -> 
  custom:audio-encoder-webm-vorbis: bf7c407c2cedff20999df2af8eb42d56 -> 
========================================================================
Received Prepare
Registering precompiled user dll's ...
Registered in 0.002213 seconds.
Begin MonoManager ReloadAssembly
Native extension for WindowsStandalone target not found
Refreshing native plugins compatible for Editor in 0.49 ms, found 3 plugins.
Preloading 0 native plugins for Editor in 0.00 ms.
Mono: successfully reloaded assembly
- Completed reload, in  1.053 seconds
Domain Reload Profiling:
	ReloadAssembly (1053ms)
		BeginReloadAssembly (116ms)
			ExecutionOrderSort (0ms)
			DisableScriptedObjects (7ms)
			BackupInstance (0ms)
			ReleaseScriptingObjects (0ms)
			CreateAndSetChildDomain (30ms)
		EndReloadAssembly (869ms)
			LoadAssemblies (104ms)
			RebuildTransferFunctionScriptingTraits (0ms)
			SetupTypeCache (279ms)
			ReleaseScriptCaches (1ms)
			RebuildScriptCaches (58ms)
			SetupLoadedEditorAssemblies (349ms)
				LogAssemblyErrors (0ms)
				InitializePlatformSupportModulesInManaged (5ms)
				SetLoadedEditorAssemblies (1ms)
				RefreshPlugins (1ms)
				BeforeProcessingInitializeOnLoad (95ms)
				ProcessInitializeOnLoadAttributes (222ms)
				ProcessInitializeOnLoadMethodAttributes (18ms)
				AfterProcessingInitializeOnLoad (8ms)
				EditorAssembliesLoaded (0ms)
			ExecutionOrderSort2 (0ms)
			AwakeInstancesAfterBackupRestoration (5ms)
Platform modules already initialized, skipping
Refreshing native plugins compatible for Editor in 0.46 ms, found 3 plugins.
Preloading 0 native plugins for Editor in 0.00 ms.
Unloading 2334 Unused Serialized files (Serialized files now loaded: 0)
System memory in use before: 107.2 MB.
System memory in use after: 107.3 MB.

Unloading 21 unused Assets to reduce memory usage. Loaded Objects now: 2791.
Total: 2.980300 ms (FindLiveObjects: 0.311500 ms CreateObjectMapping: 0.062700 ms MarkObjects: 2.492400 ms  DeleteObjects: 0.112700 ms)

AssetImportParameters requested are different than current active one (requested -> active):
  custom:framework-win-MediaFoundation: 216162199b28c13a410421893ffa2e32 -> 
  custom:video-decoder-ogg-theora: a1e56fd34408186e4bbccfd4996cb3dc -> 
  custom:container-muxer-webm: aa71ff27fc2769a1b78a27578f13a17b -> 
  custom:container-demuxer-webm: 4f35f7cbe854078d1ac9338744f61a02 -> 
  custom:container-demuxer-ogg: 62fdf1f143b41e24485cea50d1cbac27 -> 
  custom:video-encoder-webm-vp8: eb34c28f22e8b96e1ab97ce403110664 -> 
  custom:video-decoder-webm-vp8: 9c59270c3fd7afecdb556c50c9e8de78 -> 
  custom:audio-decoder-ogg-vorbis: bf7c407c2cedff20999df2af8eb42d56 -> 
  custom:audio-encoder-webm-vorbis: bf7c407c2cedff20999df2af8eb42d56 -> 
========================================================================
Received Prepare
Registering precompiled user dll's ...
Registered in 0.002223 seconds.
Begin MonoManager ReloadAssembly
Native extension for WindowsStandalone target not found
Refreshing native plugins compatible for Editor in 0.56 ms, found 3 plugins.
Preloading 0 native plugins for Editor in 0.00 ms.
Mono: successfully reloaded assembly
- Completed reload, in  1.136 seconds
Domain Reload Profiling:
	ReloadAssembly (1137ms)
		BeginReloadAssembly (128ms)
			ExecutionOrderSort (0ms)
			DisableScriptedObjects (8ms)
			BackupInstance (0ms)
			ReleaseScriptingObjects (0ms)
			CreateAndSetChildDomain (34ms)
		EndReloadAssembly (942ms)
			LoadAssemblies (107ms)
			RebuildTransferFunctionScriptingTraits (0ms)
			SetupTypeCache (294ms)
			ReleaseScriptCaches (1ms)
			RebuildScriptCaches (75ms)
			SetupLoadedEditorAssemblies (372ms)
				LogAssemblyErrors (0ms)
				InitializePlatformSupportModulesInManaged (5ms)
				SetLoadedEditorAssemblies (1ms)
				RefreshPlugins (1ms)
				BeforeProcessingInitializeOnLoad (101ms)
				ProcessInitializeOnLoadAttributes (237ms)
				ProcessInitializeOnLoadMethodAttributes (19ms)
				AfterProcessingInitializeOnLoad (9ms)
				EditorAssembliesLoaded (0ms)
			ExecutionOrderSort2 (0ms)
			AwakeInstancesAfterBackupRestoration (5ms)
Platform modules already initialized, skipping
Refreshing native plugins compatible for Editor in 0.59 ms, found 3 plugins.
Preloading 0 native plugins for Editor in 0.00 ms.
Unloading 2334 Unused Serialized files (Serialized files now loaded: 0)
System memory in use before: 107.2 MB.
System memory in use after: 107.3 MB.

Unloading 21 unused Assets to reduce memory usage. Loaded Objects now: 2794.
Total: 3.039500 ms (FindLiveObjects: 0.335700 ms CreateObjectMapping: 0.065300 ms MarkObjects: 2.507900 ms  DeleteObjects: 0.129300 ms)

AssetImportParameters requested are different than current active one (requested -> active):
  custom:framework-win-MediaFoundation: 216162199b28c13a410421893ffa2e32 -> 
  custom:video-decoder-ogg-theora: a1e56fd34408186e4bbccfd4996cb3dc -> 
  custom:container-muxer-webm: aa71ff27fc2769a1b78a27578f13a17b -> 
  custom:container-demuxer-webm: 4f35f7cbe854078d1ac9338744f61a02 -> 
  custom:container-demuxer-ogg: 62fdf1f143b41e24485cea50d1cbac27 -> 
  custom:video-encoder-webm-vp8: eb34c28f22e8b96e1ab97ce403110664 -> 
  custom:video-decoder-webm-vp8: 9c59270c3fd7afecdb556c50c9e8de78 -> 
  custom:audio-decoder-ogg-vorbis: bf7c407c2cedff20999df2af8eb42d56 -> 
  custom:audio-encoder-webm-vorbis: bf7c407c2cedff20999df2af8eb42d56 -> 
========================================================================
Received Prepare
Registering precompiled user dll's ...
Registered in 0.002304 seconds.
Begin MonoManager ReloadAssembly
Native extension for WindowsStandalone target not found
Refreshing native plugins compatible for Editor in 0.56 ms, found 3 plugins.
Preloading 0 native plugins for Editor in 0.00 ms.
Mono: successfully reloaded assembly
- Completed reload, in  1.050 seconds
Domain Reload Profiling:
	ReloadAssembly (1050ms)
		BeginReloadAssembly (121ms)
			ExecutionOrderSort (0ms)
			DisableScriptedObjects (9ms)
			BackupInstance (0ms)
			ReleaseScriptingObjects (0ms)
			CreateAndSetChildDomain (33ms)
		EndReloadAssembly (862ms)
			LoadAssemblies (103ms)
			RebuildTransferFunctionScriptingTraits (0ms)
			SetupTypeCache (266ms)
			ReleaseScriptCaches (1ms)
			RebuildScriptCaches (59ms)
			SetupLoadedEditorAssemblies (350ms)
				LogAssemblyErrors (0ms)
				InitializePlatformSupportModulesInManaged (5ms)
				SetLoadedEditorAssemblies (1ms)
				RefreshPlugins (1ms)
				BeforeProcessingInitializeOnLoad (95ms)
				ProcessInitializeOnLoadAttributes (222ms)
				ProcessInitializeOnLoadMethodAttributes (18ms)
				AfterProcessingInitializeOnLoad (8ms)
				EditorAssembliesLoaded (0ms)
			ExecutionOrderSort2 (0ms)
			AwakeInstancesAfterBackupRestoration (5ms)
Platform modules already initialized, skipping
Refreshing native plugins compatible for Editor in 0.49 ms, found 3 plugins.
Preloading 0 native plugins for Editor in 0.00 ms.
Unloading 2334 Unused Serialized files (Serialized files now loaded: 0)
System memory in use before: 107.3 MB.
System memory in use after: 107.3 MB.

Unloading 21 unused Assets to reduce memory usage. Loaded Objects now: 2797.
Total: 3.135400 ms (FindLiveObjects: 0.364600 ms CreateObjectMapping: 0.070000 ms MarkObjects: 2.561800 ms  DeleteObjects: 0.137900 ms)

AssetImportParameters requested are different than current active one (requested -> active):
  custom:framework-win-MediaFoundation: 216162199b28c13a410421893ffa2e32 -> 
  custom:video-decoder-ogg-theora: a1e56fd34408186e4bbccfd4996cb3dc -> 
  custom:container-muxer-webm: aa71ff27fc2769a1b78a27578f13a17b -> 
  custom:container-demuxer-webm: 4f35f7cbe854078d1ac9338744f61a02 -> 
  custom:container-demuxer-ogg: 62fdf1f143b41e24485cea50d1cbac27 -> 
  custom:video-encoder-webm-vp8: eb34c28f22e8b96e1ab97ce403110664 -> 
  custom:video-decoder-webm-vp8: 9c59270c3fd7afecdb556c50c9e8de78 -> 
  custom:audio-decoder-ogg-vorbis: bf7c407c2cedff20999df2af8eb42d56 -> 
  custom:audio-encoder-webm-vorbis: bf7c407c2cedff20999df2af8eb42d56 -> 
========================================================================
Received Prepare
Registering precompiled user dll's ...
Registered in 0.001812 seconds.
Begin MonoManager ReloadAssembly
Native extension for WindowsStandalone target not found
Refreshing native plugins compatible for Editor in 0.49 ms, found 3 plugins.
Preloading 0 native plugins for Editor in 0.00 ms.
Mono: successfully reloaded assembly
- Completed reload, in  1.033 seconds
Domain Reload Profiling:
	ReloadAssembly (1033ms)
		BeginReloadAssembly (112ms)
			ExecutionOrderSort (0ms)
			DisableScriptedObjects (7ms)
			BackupInstance (0ms)
			ReleaseScriptingObjects (0ms)
			CreateAndSetChildDomain (28ms)
		EndReloadAssembly (862ms)
			LoadAssemblies (97ms)
			RebuildTransferFunctionScriptingTraits (0ms)
			SetupTypeCache (267ms)
			ReleaseScriptCaches (1ms)
			RebuildScriptCaches (62ms)
			SetupLoadedEditorAssemblies (352ms)
				LogAssemblyErrors (0ms)
				InitializePlatformSupportModulesInManaged (5ms)
				SetLoadedEditorAssemblies (1ms)
				RefreshPlugins (1ms)
				BeforeProcessingInitializeOnLoad (96ms)
				ProcessInitializeOnLoadAttributes (223ms)
				ProcessInitializeOnLoadMethodAttributes (17ms)
				AfterProcessingInitializeOnLoad (8ms)
				EditorAssembliesLoaded (0ms)
			ExecutionOrderSort2 (0ms)
			AwakeInstancesAfterBackupRestoration (4ms)
Platform modules already initialized, skipping
Refreshing native plugins compatible for Editor in 0.43 ms, found 3 plugins.
Preloading 0 native plugins for Editor in 0.00 ms.
Unloading 2334 Unused Serialized files (Serialized files now loaded: 0)
System memory in use before: 107.2 MB.
System memory in use after: 107.2 MB.

Unloading 21 unused Assets to reduce memory usage. Loaded Objects now: 2800.
Total: 2.874000 ms (FindLiveObjects: 0.302100 ms CreateObjectMapping: 0.065600 ms MarkObjects: 2.391900 ms  DeleteObjects: 0.113400 ms)

AssetImportParameters requested are different than current active one (requested -> active):
  custom:framework-win-MediaFoundation: 216162199b28c13a410421893ffa2e32 -> 
  custom:video-decoder-ogg-theora: a1e56fd34408186e4bbccfd4996cb3dc -> 
  custom:container-muxer-webm: aa71ff27fc2769a1b78a27578f13a17b -> 
  custom:container-demuxer-webm: 4f35f7cbe854078d1ac9338744f61a02 -> 
  custom:container-demuxer-ogg: 62fdf1f143b41e24485cea50d1cbac27 -> 
  custom:video-encoder-webm-vp8: eb34c28f22e8b96e1ab97ce403110664 -> 
  custom:video-decoder-webm-vp8: 9c59270c3fd7afecdb556c50c9e8de78 -> 
  custom:audio-decoder-ogg-vorbis: bf7c407c2cedff20999df2af8eb42d56 -> 
  custom:audio-encoder-webm-vorbis: bf7c407c2cedff20999df2af8eb42d56 -> 
========================================================================
Received Prepare
Registering precompiled user dll's ...
Registered in 0.001978 seconds.
Begin MonoManager ReloadAssembly
Native extension for WindowsStandalone target not found
Refreshing native plugins compatible for Editor in 0.50 ms, found 3 plugins.
Preloading 0 native plugins for Editor in 0.00 ms.
Mono: successfully reloaded assembly
- Completed reload, in  1.340 seconds
Domain Reload Profiling:
	ReloadAssembly (1340ms)
		BeginReloadAssembly (114ms)
			ExecutionOrderSort (0ms)
			DisableScriptedObjects (7ms)
			BackupInstance (0ms)
			ReleaseScriptingObjects (0ms)
			CreateAndSetChildDomain (28ms)
		EndReloadAssembly (1138ms)
			LoadAssemblies (143ms)
			RebuildTransferFunctionScriptingTraits (0ms)
			SetupTypeCache (402ms)
			ReleaseScriptCaches (1ms)
			RebuildScriptCaches (120ms)
			SetupLoadedEditorAssemblies (340ms)
				LogAssemblyErrors (0ms)
				InitializePlatformSupportModulesInManaged (5ms)
				SetLoadedEditorAssemblies (1ms)
				RefreshPlugins (1ms)
				BeforeProcessingInitializeOnLoad (96ms)
				ProcessInitializeOnLoadAttributes (212ms)
				ProcessInitializeOnLoadMethodAttributes (17ms)
				AfterProcessingInitializeOnLoad (8ms)
				EditorAssembliesLoaded (0ms)
			ExecutionOrderSort2 (0ms)
			AwakeInstancesAfterBackupRestoration (5ms)
Platform modules already initialized, skipping
Refreshing native plugins compatible for Editor in 0.55 ms, found 3 plugins.
Preloading 0 native plugins for Editor in 0.00 ms.
Unloading 2334 Unused Serialized files (Serialized files now loaded: 0)
System memory in use before: 107.3 MB.
System memory in use after: 107.3 MB.

Unloading 21 unused Assets to reduce memory usage. Loaded Objects now: 2803.
Total: 3.125600 ms (FindLiveObjects: 0.342600 ms CreateObjectMapping: 0.097000 ms MarkObjects: 2.558800 ms  DeleteObjects: 0.126300 ms)

AssetImportParameters requested are different than current active one (requested -> active):
  custom:framework-win-MediaFoundation: 216162199b28c13a410421893ffa2e32 -> 
  custom:video-decoder-ogg-theora: a1e56fd34408186e4bbccfd4996cb3dc -> 
  custom:container-muxer-webm: aa71ff27fc2769a1b78a27578f13a17b -> 
  custom:container-demuxer-webm: 4f35f7cbe854078d1ac9338744f61a02 -> 
  custom:container-demuxer-ogg: 62fdf1f143b41e24485cea50d1cbac27 -> 
  custom:video-encoder-webm-vp8: eb34c28f22e8b96e1ab97ce403110664 -> 
  custom:video-decoder-webm-vp8: 9c59270c3fd7afecdb556c50c9e8de78 -> 
  custom:audio-decoder-ogg-vorbis: bf7c407c2cedff20999df2af8eb42d56 -> 
  custom:audio-encoder-webm-vorbis: bf7c407c2cedff20999df2af8eb42d56 -> 
========================================================================
Received Prepare
Refreshing native plugins compatible for Editor in 3.21 ms, found 3 plugins.
Preloading 0 native plugins for Editor in 0.00 ms.
Unloading 18 Unused Serialized files (Serialized files now loaded: 0)
System memory in use before: 61.2 MB.
System memory in use after: 61.2 MB.

Unloading 18 unused Assets to reduce memory usage. Loaded Objects now: 2803.
Total: 3.116500 ms (FindLiveObjects: 0.358900 ms CreateObjectMapping: 0.083600 ms MarkObjects: 2.539000 ms  DeleteObjects: 0.134000 ms)

AssetImportParameters requested are different than current active one (requested -> active):
  custom:framework-win-MediaFoundation: 216162199b28c13a410421893ffa2e32 -> 
  custom:video-decoder-ogg-theora: a1e56fd34408186e4bbccfd4996cb3dc -> 
  custom:container-muxer-webm: aa71ff27fc2769a1b78a27578f13a17b -> 
  custom:container-demuxer-webm: 4f35f7cbe854078d1ac9338744f61a02 -> 
  custom:container-demuxer-ogg: 62fdf1f143b41e24485cea50d1cbac27 -> 
  custom:video-encoder-webm-vp8: eb34c28f22e8b96e1ab97ce403110664 -> 
  custom:video-decoder-webm-vp8: 9c59270c3fd7afecdb556c50c9e8de78 -> 
  custom:audio-decoder-ogg-vorbis: bf7c407c2cedff20999df2af8eb42d56 -> 
  custom:audio-encoder-webm-vorbis: bf7c407c2cedff20999df2af8eb42d56 -> 
AssetImportWorkerClient::OnTransportError - code=2 error=End of file
